{
  "type": "bug",
  "occurredAt": "build",
  "error": {
    "code": 1,
    "killed": false,
    "signal": null,
    "cmd": "npm run build -- --filter=@microfox/youtube-analytics-api",
    "stdout": "\n> build\n> turbo build --filter=@microfox/youtube-analytics-api\n\n• Packages in scope: @microfox/youtube-analytics-api\n• Running build in 1 packages\n• Remote caching disabled\n::group::@microfox/google-oauth:build\ncache miss, executing a317b40323a856dd\n\n> @microfox/google-oauth@1.0.4 build\n> tsup\n\n\u001b[34mCLI\u001b[39m Building entry: src/index.ts\n\u001b[34mCLI\u001b[39m Using tsconfig: tsconfig.json\n\u001b[34mCLI\u001b[39m tsup v8.4.0\n\u001b[34mCLI\u001b[39m Using tsup config: /home/runner/work/microfox/microfox/packages/google-oauth/tsup.config.ts\n\u001b[34mCLI\u001b[39m Target: node16\n\u001b[34mCLI\u001b[39m Cleaning output folder\n\u001b[34mCJS\u001b[39m Build start\n\u001b[34mESM\u001b[39m Build start\n\u001b[32mESM\u001b[39m \u001b[1mdist/index.mjs \u001b[22m\u001b[32m10.67 KB\u001b[39m\n\u001b[32mESM\u001b[39m ⚡️ Build success in 22ms\n\u001b[32mCJS\u001b[39m \u001b[1mdist/index.js \u001b[22m\u001b[32m11.90 KB\u001b[39m\n\u001b[32mCJS\u001b[39m ⚡️ Build success in 22ms\n\u001b[34mDTS\u001b[39m Build start\n\u001b[32mDTS\u001b[39m ⚡️ Build success in 1431ms\n\u001b[32mDTS\u001b[39m \u001b[1mdist/index.d.ts  \u001b[22m\u001b[32m6.93 KB\u001b[39m\n\u001b[32mDTS\u001b[39m \u001b[1mdist/index.d.mts \u001b[22m\u001b[32m6.93 KB\u001b[39m\n::endgroup::\n\u001b[;31m@microfox/youtube-analytics-api:build\u001b[;0m\ncache miss, executing 3e551c76bf01663e\n\n> @microfox/youtube-analytics-api@1.0.0 build\n> tsup\n\n\u001b[34mCLI\u001b[39m Building entry: src/index.ts\n\u001b[34mCLI\u001b[39m Using tsconfig: tsconfig.json\n\u001b[34mCLI\u001b[39m tsup v8.4.0\n\u001b[34mCLI\u001b[39m Using tsup config: /home/runner/work/microfox/microfox/packages/youtube-analytics-api/tsup.config.ts\n\u001b[34mCLI\u001b[39m Target: es2018\n\u001b[34mCJS\u001b[39m Build start\n\u001b[34mESM\u001b[39m Build start\n\u001b[32mCJS\u001b[39m \u001b[1mdist/index.js     \u001b[22m\u001b[32m6.94 KB\u001b[39m\n\u001b[32mCJS\u001b[39m \u001b[1mdist/index.js.map \u001b[22m\u001b[32m10.65 KB\u001b[39m\n\u001b[32mCJS\u001b[39m ⚡️ Build success in 21ms\n\u001b[32mESM\u001b[39m \u001b[1mdist/index.mjs     \u001b[22m\u001b[32m5.32 KB\u001b[39m\n\u001b[32mESM\u001b[39m \u001b[1mdist/index.mjs.map \u001b[22m\u001b[32m10.47 KB\u001b[39m\n\u001b[32mESM\u001b[39m ⚡️ Build success in 21ms\n\u001b[34mDTS\u001b[39m Build start\nsrc/youtubeAnalyticsApiSdk.ts(111,63): error TS2322: Type 'string | undefined' is not assignable to type 'string | number | boolean'.\n  Type 'undefined' is not assignable to type 'string | number | boolean'.\nsrc/youtubeAnalyticsApiSdk.ts(128,67): error TS2322: Type 'string | undefined' is not assignable to type 'string | number | boolean'.\n  Type 'undefined' is not assignable to type 'string | number | boolean'.\n\n\u001b[31mError: error occurred in dts build\n    at Worker.<anonymous> (/home/runner/work/microfox/microfox/node_modules/tsup/dist/index.js:1541:26)\n    at Worker.emit (node:events:524:28)\n    at MessagePort.<anonymous> (node:internal/worker:268:53)\n    at [nodejs.internal.kHybridDispatch] (node:internal/event_target:831:20)\n    at MessagePort.<anonymous> (node:internal/per_context/messageport:23:28)\u001b[39m\n\u001b[31mDTS\u001b[39m \u001b[31mBuild error\u001b[39m\nnpm error Lifecycle script `build` failed with error:\nnpm error code 1\nnpm error path /home/runner/work/microfox/microfox/packages/youtube-analytics-api\nnpm error workspace @microfox/youtube-analytics-api@1.0.0\nnpm error location /home/runner/work/microfox/microfox/packages/youtube-analytics-api\nnpm error command failed\nnpm error command sh -c tsup\n[ERROR] command finished with error: command (/home/runner/work/microfox/microfox/packages/youtube-analytics-api) /opt/hostedtoolcache/node/20.19.1/x64/bin/npm run build exited (1)\n\n Tasks:    1 successful, 2 total\nCached:    0 cached, 2 total\n  Time:    4.633s \nFailed:    @microfox/youtube-analytics-api#build\n\n",
    "stderr": "Turborepo did not find the correct binary for your platform.\nWe will attempt to install it now.\nInstallation has succeeded.\n\nAttention:\nTurborepo now collects completely anonymous telemetry regarding usage.\nThis information is used to shape the Turborepo roadmap and prioritize features.\nYou can learn more, including how to opt-out if you'd not like to participate in this anonymous program, by visiting the following URL:\nhttps://turbo.build/repo/docs/telemetry\n\n::error::@microfox/youtube-analytics-api#build: command (/home/runner/work/microfox/microfox/packages/youtube-analytics-api) /opt/hostedtoolcache/node/20.19.1/x64/bin/npm run build exited (1)\n ERROR  run failed: command  exited (1)\n"
  }
}